TN:
SF:script/deployZK.s.sol
FN:8,DeployZK.run
FNDA:0,DeployZK.run
DA:9,0
DA:9,0
DA:10,0
DA:10,0
DA:10,0
DA:11,0
DA:11,0
FNF:1
FNH:0
LF:3
LH:0
BRF:0
BRH:0
end_of_record
TN:
SF:src/girlfriendBank.sol
FN:34,GirlfriendBank.newGirlfriend
FNDA:0,GirlfriendBank.newGirlfriend
DA:35,0
DA:35,0
DA:36,0
DA:36,0
DA:36,0
DA:37,0
DA:37,0
DA:38,0
DA:38,0
FN:41,GirlfriendBank.paySubscription
FNDA:0,GirlfriendBank.paySubscription
DA:42,0
DA:42,0
FN:45,GirlfriendBank._verifyProof
FNDA:0,GirlfriendBank._verifyProof
DA:46,0
DA:46,0
FN:49,GirlfriendBank.withdraw
FNDA:0,GirlfriendBank.withdraw
DA:50,0
DA:50,0
DA:50,0
FNF:4
FNH:0
LF:7
LH:0
BRF:0
BRH:0
end_of_record
TN:
SF:src/girlfriendNFT.sol
FN:20,GirlfriendNFT.tokenURI
FNDA:0,GirlfriendNFT.tokenURI
DA:26,0
DA:26,0
FN:29,GirlfriendNFT.paySubscription
FNDA:0,GirlfriendNFT.paySubscription
FN:36,GirlfriendNFT.approve
FNDA:0,GirlfriendNFT.approve
FN:38,GirlfriendNFT.getApproved
FNDA:0,GirlfriendNFT.getApproved
DA:39,0
DA:39,0
DA:39,0
FN:42,GirlfriendNFT.setApprovalForAll
FNDA:0,GirlfriendNFT.setApprovalForAll
FN:44,GirlfriendNFT.transferFrom
FNDA:0,GirlfriendNFT.transferFrom
FN:46,GirlfriendNFT.safeTransferFrom
FNDA:0,GirlfriendNFT.safeTransferFrom
FNF:7
FNH:0
LF:2
LH:0
BRF:0
BRH:0
end_of_record
